#
# There is insufficient memory for the Java Runtime Environment to continue.
# Native memory allocation (mmap) failed to map 82837504 bytes for committing reserved memory.
# Possible reasons:
#   The system is out of physical RAM or swap space
#   In 32 bit mode, the process size limit was hit
# Possible solutions:
#   Reduce memory load on the system
#   Increase physical memory or swap space
#   Check if swap backing store is full
#   Use 64 bit Java on a 64 bit OS
#   Decrease Java heap size (-Xmx/-Xms)
#   Decrease number of Java threads
#   Decrease Java thread stack sizes (-Xss)
#   Set larger code cache with -XX:ReservedCodeCacheSize=
# This output file may be truncated or incomplete.
#
#  Out of Memory Error (os_linux.cpp:2640), pid=31751, tid=0x00007fdbef9f9700
#
# JRE version: OpenJDK Runtime Environment (8.0_152-b01) (build 1.8.0_152-release-915-b01)
# Java VM: OpenJDK 64-Bit Server VM (25.152-b01 mixed mode linux-amd64 compressed oops)
# Failed to write core dump. Core dumps have been disabled. To enable core dumping, try "ulimit -c unlimited" before starting Java again
#

---------------  T H R E A D  ---------------

Current thread (0x00007fdc10078800):  VMThread [stack: 0x00007fdbef8f9000,0x00007fdbef9fa000] [id=31763]

Stack: [0x00007fdbef8f9000,0x00007fdbef9fa000],  sp=0x00007fdbef9f84c0,  free space=1021k
Native frames: (J=compiled Java code, j=interpreted, Vv=VM code, C=native code)
V  [libjvm.so+0x9eb15d]  VMError::report_and_die()+0x15d
V  [libjvm.so+0x4b8eaa]  report_vm_out_of_memory(char const*, int, unsigned long, VMErrorType, char const*)+0x8a
V  [libjvm.so+0x851370]  os::pd_commit_memory(char*, unsigned long, unsigned long, bool)+0xf0
V  [libjvm.so+0x84be8f]  os::commit_memory(char*, unsigned long, unsigned long, bool)+0x1f
V  [libjvm.so+0x8c261b]  PSVirtualSpace::expand_by(unsigned long)+0x5b
V  [libjvm.so+0x8c3290]  PSYoungGen::resize_generation(unsigned long, unsigned long)+0xb0
V  [libjvm.so+0x8c35ab]  PSYoungGen::resize(unsigned long, unsigned long)+0x1b
V  [libjvm.so+0x8bfc9c]  PSScavenge::invoke_no_policy()+0xdac
V  [libjvm.so+0x8c0478]  PSScavenge::invoke()+0x38
V  [libjvm.so+0x8748f3]  ParallelScavengeHeap::failed_mem_allocate(unsigned long)+0x63
V  [libjvm.so+0x9ecc84]  VM_ParallelGCFailedAllocation::doit()+0x84
V  [libjvm.so+0x9f1197]  VM_Operation::evaluate()+0x47
V  [libjvm.so+0x9efb78]  VMThread::evaluate_operation(VM_Operation*)+0x2c8
V  [libjvm.so+0x9efff9]  VMThread::loop()+0x219
V  [libjvm.so+0x9f0442]  VMThread::run()+0x72
V  [libjvm.so+0x84e792]  java_start(Thread*)+0xf2

VM_Operation (0x00007fdbee42cef0): ParallelGCFailedAllocation, mode: safepoint, requested by thread 0x00007fdc10143000


---------------  P R O C E S S  ---------------

Java Threads: ( => current thread )
  0x00007fdc10143000 JavaThread "pool-1-thread-3" [_thread_blocked, id=31794, stack(0x00007fdbee32e000,0x00007fdbee42f000)]
  0x00007fdc10141800 JavaThread "pool-1-thread-2" [_thread_blocked, id=31791, stack(0x00007fdbee42f000,0x00007fdbee530000)]
  0x00007fdc10131000 JavaThread "pool-2-thread-1" [_thread_blocked, id=31783, stack(0x00007fdbee530000,0x00007fdbee631000)]
  0x00007fdc100c0800 JavaThread "Service Thread" daemon [_thread_blocked, id=31777, stack(0x00007fdbee833000,0x00007fdbee934000)]
  0x00007fdc100bd800 JavaThread "C1 CompilerThread2" daemon [_thread_blocked, id=31776, stack(0x00007fdbee934000,0x00007fdbeea35000)]
  0x00007fdc100bc000 JavaThread "C2 CompilerThread1" daemon [_thread_in_native, id=31775, stack(0x00007fdbeea35000,0x00007fdbeeb36000)]
  0x00007fdc100b9000 JavaThread "C2 CompilerThread0" daemon [_thread_blocked, id=31774, stack(0x00007fdbeeb36000,0x00007fdbeec37000)]
  0x00007fdc100b7800 JavaThread "Signal Dispatcher" daemon [_thread_blocked, id=31773, stack(0x00007fdbeec37000,0x00007fdbeed38000)]
  0x00007fdc10084800 JavaThread "Finalizer" daemon [_thread_blocked, id=31765, stack(0x00007fdbef6f7000,0x00007fdbef7f8000)]
  0x00007fdc10080000 JavaThread "Reference Handler" daemon [_thread_blocked, id=31764, stack(0x00007fdbef7f8000,0x00007fdbef8f9000)]
  0x00007fdc1000b000 JavaThread "main" [_thread_blocked, id=31755, stack(0x00007fdc15ed2000,0x00007fdc15fd3000)]

Other Threads:
=>0x00007fdc10078800 VMThread [stack: 0x00007fdbef8f9000,0x00007fdbef9fa000] [id=31763]
  0x00007fdc100c3000 WatcherThread [stack: 0x00007fdbee732000,0x00007fdbee833000] [id=31778]

VM state:at safepoint (normal execution)

VM Mutex/Monitor currently owned by a thread:  ([mutex/lock_event])
[0x00007fdc10007190] Threads_lock - owner thread: 0x00007fdc10078800
[0x00007fdc10007690] Heap_lock - owner thread: 0x00007fdc10143000

Heap:
 PSYoungGen      total 66048K, used 2541K [0x00000000eab00000, 0x00000000eee00000, 0x0000000100000000)
  eden space 63488K, 0% used [0x00000000eab00000,0x00000000eab00000,0x00000000ee900000)
  from space 2560K, 99% used [0x00000000ee900000,0x00000000eeb7b720,0x00000000eeb80000)
  to   space 2560K, 0% used [0x00000000eeb80000,0x00000000eeb80000,0x00000000eee00000)
 ParOldGen       total 42496K, used 20413K [0x00000000c0000000, 0x00000000c2980000, 0x00000000eab00000)
  object space 42496K, 48% used [0x00000000c0000000,0x00000000c13ef5c0,0x00000000c2980000)
 Metaspace       used 6050K, capacity 6960K, committed 7040K, reserved 1056768K
  class space    used 595K, capacity 616K, committed 640K, reserved 1048576K

Card table byte_map: [0x00007fdbff99a000,0x00007fdbffb9b000] byte_map_base: 0x00007fdbff39a000

Marking Bits: (ParMarkBitMap*) 0x00007fdc153c23e0
 Begin Bits: [0x00007fdbfd596000, 0x00007fdbfe596000)
 End Bits:   [0x00007fdbfe596000, 0x00007fdbff596000)

Polling page: 0x00007fdc16015000

CodeCache: size=245760Kb used=5321Kb max_used=5321Kb free=240438Kb
 bounds [0x00007fdbfff5b000, 0x00007fdc0049b000, 0x00007fdc0ef5b000]
 total_blobs=1586 nmethods=1325 adapters=176
 compilation: enabled

Compilation events (10 events):
Event: 6.891 Thread 0x00007fdc100bd800 nmethod 1473 0x00007fdc0048ead0 code [0x00007fdc0048ec20, 0x00007fdc0048ed30]
Event: 6.891 Thread 0x00007fdc100bd800 1667       1       com.android.dx.cf.attrib.BaseLocalVariables::getLocalVariables (5 bytes)
Event: 6.891 Thread 0x00007fdc100bd800 nmethod 1667 0x00007fdc0048ed90 code [0x00007fdc0048eee0, 0x00007fdc0048eff0]
Event: 6.891 Thread 0x00007fdc100bd800 1653       2       java.lang.Character::forDigit (42 bytes)
Event: 6.891 Thread 0x00007fdc100bd800 nmethod 1653 0x00007fdc0048f050 code [0x00007fdc0048f1c0, 0x00007fdc0048f370]
Event: 6.891 Thread 0x00007fdc100bd800 1659       2       com.android.dx.rop.code.RegisterSpec::withType (13 bytes)
Event: 6.891 Thread 0x00007fdc100bd800 nmethod 1659 0x00007fdc0048f3d0 code [0x00007fdc0048f540, 0x00007fdc0048f6c8]
Event: 6.892 Thread 0x00007fdc100bd800 1705       2       com.android.dx.ssa.LiteralOpUpgrader::isConstIntZeroOrKnownNull (34 bytes)
Event: 6.893 Thread 0x00007fdc100bd800 nmethod 1705 0x00007fdc0048f790 code [0x00007fdc0048f900, 0x00007fdc0048fb08]
Event: 6.900 Thread 0x00007fdc100bd800 1708       2       java.util.HashMap$HashIterator::nextNode (100 bytes)

GC Heap History (9 events):
Event: 1.168 GC heap before
{Heap before GC invocations=1 (full 0):
 PSYoungGen      total 18432K, used 15872K [0x00000000eab00000, 0x00000000ebf80000, 0x0000000100000000)
  eden space 15872K, 100% used [0x00000000eab00000,0x00000000eba80000,0x00000000eba80000)
  from space 2560K, 0% used [0x00000000ebd00000,0x00000000ebd00000,0x00000000ebf80000)
  to   space 2560K, 0% used [0x00000000eba80000,0x00000000eba80000,0x00000000ebd00000)
 ParOldGen       total 42496K, used 0K [0x00000000c0000000, 0x00000000c2980000, 0x00000000eab00000)
  object space 42496K, 0% used [0x00000000c0000000,0x00000000c0000000,0x00000000c2980000)
 Metaspace       used 5570K, capacity 6640K, committed 6784K, reserved 1056768K
  class space    used 573K, capacity 616K, committed 640K, reserved 1048576K
Event: 1.188 GC heap after
Heap after GC invocations=1 (full 0):
 PSYoungGen      total 18432K, used 2551K [0x00000000eab00000, 0x00000000ecf00000, 0x0000000100000000)
  eden space 15872K, 0% used [0x00000000eab00000,0x00000000eab00000,0x00000000eba80000)
  from space 2560K, 99% used [0x00000000eba80000,0x00000000ebcfdc78,0x00000000ebd00000)
  to   space 2560K, 0% used [0x00000000ecc80000,0x00000000ecc80000,0x00000000ecf00000)
 ParOldGen       total 42496K, used 1168K [0x00000000c0000000, 0x00000000c2980000, 0x00000000eab00000)
  object space 42496K, 2% used [0x00000000c0000000,0x00000000c0124268,0x00000000c2980000)
 Metaspace       used 5570K, capacity 6640K, committed 6784K, reserved 1056768K
  class space    used 573K, capacity 616K, committed 640K, reserved 1048576K
}
Event: 1.967 GC heap before
{Heap before GC invocations=2 (full 0):
 PSYoungGen      total 18432K, used 18423K [0x00000000eab00000, 0x00000000ecf00000, 0x0000000100000000)
  eden space 15872K, 100% used [0x00000000eab00000,0x00000000eba80000,0x00000000eba80000)
  from space 2560K, 99% used [0x00000000eba80000,0x00000000ebcfdc78,0x00000000ebd00000)
  to   space 2560K, 0% used [0x00000000ecc80000,0x00000000ecc80000,0x00000000ecf00000)
 ParOldGen       total 42496K, used 1168K [0x00000000c0000000, 0x00000000c2980000, 0x00000000eab00000)
  object space 42496K, 2% used [0x00000000c0000000,0x00000000c0124268,0x00000000c2980000)
 Metaspace       used 5700K, capacity 6768K, committed 7040K, reserved 1056768K
  class space    used 575K, capacity 616K, committed 640K, reserved 1048576K
Event: 2.005 GC heap after
Heap after GC invocations=2 (full 0):
 PSYoungGen      total 34304K, used 2545K [0x00000000eab00000, 0x00000000ecf00000, 0x0000000100000000)
  eden space 31744K, 0% used [0x00000000eab00000,0x00000000eab00000,0x00000000eca00000)
  from space 2560K, 99% used [0x00000000ecc80000,0x00000000ecefc5e0,0x00000000ecf00000)
  to   space 2560K, 0% used [0x00000000eca00000,0x00000000eca00000,0x00000000ecc80000)
 ParOldGen       total 42496K, used 3821K [0x00000000c0000000, 0x00000000c2980000, 0x00000000eab00000)
  object space 42496K, 8% used [0x00000000c0000000,0x00000000c03bb7b8,0x00000000c2980000)
 Metaspace       used 5700K, capacity 6768K, committed 7040K, reserved 1056768K
  class space    used 575K, capacity 616K, committed 640K, reserved 1048576K
}
Event: 3.660 GC heap before
{Heap before GC invocations=3 (full 0):
 PSYoungGen      total 34304K, used 34289K [0x00000000eab00000, 0x00000000ecf00000, 0x0000000100000000)
  eden space 31744K, 100% used [0x00000000eab00000,0x00000000eca00000,0x00000000eca00000)
  from space 2560K, 99% used [0x00000000ecc80000,0x00000000ecefc5e0,0x00000000ecf00000)
  to   space 2560K, 0% used [0x00000000eca00000,0x00000000eca00000,0x00000000ecc80000)
 ParOldGen       total 42496K, used 3821K [0x00000000c0000000, 0x00000000c2980000, 0x00000000eab00000)
  object space 42496K, 8% used [0x00000000c0000000,0x00000000c03bb7b8,0x00000000c2980000)
 Metaspace       used 5886K, capacity 6832K, committed 7040K, reserved 1056768K
  class space    used 593K, capacity 616K, committed 640K, reserved 1048576K
Event: 3.699 GC heap after
Heap after GC invocations=3 (full 0):
 PSYoungGen      total 34304K, used 2550K [0x00000000eab00000, 0x00000000eee00000, 0x0000000100000000)
  eden space 31744K, 0% used [0x00000000eab00000,0x00000000eab00000,0x00000000eca00000)
  from space 2560K, 99% used [0x00000000eca00000,0x00000000ecc7d960,0x00000000ecc80000)
  to   space 2560K, 0% used [0x00000000eeb80000,0x00000000eeb80000,0x00000000eee00000)
 ParOldGen       total 42496K, used 7679K [0x00000000c0000000, 0x00000000c2980000, 0x00000000eab00000)
  object space 42496K, 18% used [0x00000000c0000000,0x00000000c077ff68,0x00000000c2980000)
 Metaspace       used 5886K, capacity 6832K, committed 7040K, reserved 1056768K
  class space    used 593K, capacity 616K, committed 640K, reserved 1048576K
}
Event: 5.004 GC heap before
{Heap before GC invocations=4 (full 0):
 PSYoungGen      total 34304K, used 34294K [0x00000000eab00000, 0x00000000eee00000, 0x0000000100000000)
  eden space 31744K, 100% used [0x00000000eab00000,0x00000000eca00000,0x00000000eca00000)
  from space 2560K, 99% used [0x00000000eca00000,0x00000000ecc7d960,0x00000000ecc80000)
  to   space 2560K, 0% used [0x00000000eeb80000,0x00000000eeb80000,0x00000000eee00000)
 ParOldGen       total 42496K, used 7679K [0x00000000c0000000, 0x00000000c2980000, 0x00000000eab00000)
  object space 42496K, 18% used [0x00000000c0000000,0x00000000c077ff68,0x00000000c2980000)
 Metaspace       used 6007K, capacity 6960K, committed 7040K, reserved 1056768K
  class space    used 594K, capacity 616K, committed 640K, reserved 1048576K
Event: 5.044 GC heap after
Heap after GC invocations=4 (full 0):
 PSYoungGen      total 66048K, used 2551K [0x00000000eab00000, 0x00000000eee00000, 0x0000000100000000)
  eden space 63488K, 0% used [0x00000000eab00000,0x00000000eab00000,0x00000000ee900000)
  from space 2560K, 99% used [0x00000000eeb80000,0x00000000eedfde28,0x00000000eee00000)
  to   space 2560K, 0% used [0x00000000ee900000,0x00000000ee900000,0x00000000eeb80000)
 ParOldGen       total 42496K, used 12258K [0x00000000c0000000, 0x00000000c2980000, 0x00000000eab00000)
  object space 42496K, 28% used [0x00000000c0000000,0x00000000c0bf8930,0x00000000c2980000)
 Metaspace       used 6007K, capacity 6960K, committed 7040K, reserved 1056768K
  class space    used 594K, capacity 616K, committed 640K, reserved 1048576K
}
Event: 6.975 GC heap before
{Heap before GC invocations=5 (full 0):
 PSYoungGen      total 66048K, used 66039K [0x00000000eab00000, 0x00000000eee00000, 0x0000000100000000)
  eden space 63488K, 100% used [0x00000000eab00000,0x00000000ee900000,0x00000000ee900000)
  from space 2560K, 99% used [0x00000000eeb80000,0x00000000eedfde28,0x00000000eee00000)
  to   space 2560K, 0% used [0x00000000ee900000,0x00000000ee900000,0x00000000eeb80000)
 ParOldGen       total 42496K, used 12258K [0x00000000c0000000, 0x00000000c2980000, 0x00000000eab00000)
  object space 42496K, 28% used [0x00000000c0000000,0x00000000c0bf8930,0x00000000c2980000)
 Metaspace       used 6050K, capacity 6960K, committed 7040K, reserved 1056768K
  class space    used 595K, capacity 616K, committed 640K, reserved 1048576K

Deoptimization events (10 events):
Event: 2.029 Thread 0x00007fdc10141800 Uncommon trap: reason=bimorphic action=maybe_recompile pc=0x00007fdc00160488 method=java.util.HashMap.getNode(ILjava/lang/Object;)Ljava/util/HashMap$Node; @ 126
Event: 2.029 Thread 0x00007fdc10141800 Uncommon trap: reason=bimorphic action=maybe_recompile pc=0x00007fdc00160488 method=java.util.HashMap.getNode(ILjava/lang/Object;)Ljava/util/HashMap$Node; @ 126
Event: 2.029 Thread 0x00007fdc10141800 Uncommon trap: reason=bimorphic action=maybe_recompile pc=0x00007fdc00160488 method=java.util.HashMap.getNode(ILjava/lang/Object;)Ljava/util/HashMap$Node; @ 126
Event: 2.277 Thread 0x00007fdc10145000 Uncommon trap: reason=null_check action=make_not_entrant pc=0x00007fdc001d4ac4 method=com.android.dx.ssa.SsaRenamer.getLocalForNewReg(I)Lcom/android/dx/rop/code/LocalItem; @ 19
Event: 2.278 Thread 0x00007fdc10145000 Uncommon trap: reason=null_check action=make_not_entrant pc=0x00007fdc001de788 method=com.android.dx.ssa.SsaRenamer.getLocalForNewReg(I)Lcom/android/dx/rop/code/LocalItem; @ 19
Event: 2.319 Thread 0x00007fdc10143000 Uncommon trap: reason=unstable_if action=reinterpret pc=0x00007fdc001fde64 method=com.android.dx.rop.code.RegisterSpec.equals(ILcom/android/dx/rop/type/TypeBearer;Lcom/android/dx/rop/code/LocalItem;)Z @ 42
Event: 3.174 Thread 0x00007fdc10143000 Uncommon trap: reason=unstable_if action=reinterpret pc=0x00007fdc0021e768 method=com.android.dx.rop.code.LocalItem.hashCode()I @ 25
Event: 3.174 Thread 0x00007fdc10143000 Uncommon trap: reason=unstable_if action=reinterpret pc=0x00007fdc0023dbd8 method=com.android.dx.rop.code.LocalItem.hashCode()I @ 25
Event: 3.449 Thread 0x00007fdc10143000 Uncommon trap: reason=unstable_if action=reinterpret pc=0x00007fdc001485fc method=java.util.HashMap.getNode(ILjava/lang/Object;)Ljava/util/HashMap$Node; @ 84
Event: 6.259 Thread 0x00007fdc1012f800 Uncommon trap: reason=unstable_if action=reinterpret pc=0x00007fdc0024d4b8 method=java.util.HashMap.getNode(ILjava/lang/Object;)Ljava/util/HashMap$Node; @ 84

Classes redefined (0 events):
No events

Internal exceptions (7 events):
Event: 0.035 Thread 0x00007fdc1000b000 Exception <a 'java/lang/NoSuchMethodError': Method sun.misc.Unsafe.defineClass(Ljava/lang/String;[BII)Ljava/lang/Class; name or signature does not match> (0x00000000eab07ca8) thrown at [/ssd/Android/AOSP-openjdk-git/jdk8u/hotspot/src/share/vm/prims/jni.cp
Event: 0.035 Thread 0x00007fdc1000b000 Exception <a 'java/lang/NoSuchMethodError': Method sun.misc.Unsafe.prefetchRead(Ljava/lang/Object;J)V name or signature does not match> (0x00000000eab07f90) thrown at [/ssd/Android/AOSP-openjdk-git/jdk8u/hotspot/src/share/vm/prims/jni.cpp, line 4011]
Event: 2.277 Thread 0x00007fdc10145000 Implicit null exception at 0x00007fdc001d2548 to 0x00007fdc001d4a7d
Event: 2.278 Thread 0x00007fdc10145000 Implicit null exception at 0x00007fdc001dc5ec to 0x00007fdc001de755
Event: 3.439 Thread 0x00007fdc10143000 Exception <a 'java/lang/ArrayIndexOutOfBoundsException': 18> (0x00000000ec314498) thrown at [/ssd/Android/AOSP-openjdk-git/jdk8u/hotspot/src/share/vm/interpreter/interpreterRuntime.cpp, line 366]
Event: 3.440 Thread 0x00007fdc10143000 Exception <a 'java/lang/ArrayIndexOutOfBoundsException': 145> (0x00000000ec316018) thrown at [/ssd/Android/AOSP-openjdk-git/jdk8u/hotspot/src/share/vm/interpreter/interpreterRuntime.cpp, line 366]
Event: 3.443 Thread 0x00007fdc10143000 Exception <a 'java/lang/ArrayIndexOutOfBoundsException': 40> (0x00000000ec317300) thrown at [/ssd/Android/AOSP-openjdk-git/jdk8u/hotspot/src/share/vm/interpreter/interpreterRuntime.cpp, line 366]

Events (10 events):
Event: 6.584 Thread 0x00007fdc1012f800 DEOPT UNPACKING pc=0x00007fdbfffa2373 sp=0x00007fdbee72fc70 mode 0
Event: 6.726 loading class java/util/HashMap$KeySet
Event: 6.736 loading class java/util/HashMap$KeySet done
Event: 6.737 loading class java/util/HashMap$KeyIterator
Event: 6.745 loading class java/util/HashMap$KeyIterator done
Event: 6.777 Thread 0x00007fdc10145000 Thread exited: 0x00007fdc10145000
Event: 6.791 Thread 0x00007fdc1012f800 Thread exited: 0x00007fdc1012f800
Event: 6.799 Thread 0x00007fdc10143000 DEOPT PACKING pc=0x00007fdc0033da54 sp=0x00007fdbee42d210
Event: 6.799 Thread 0x00007fdc10143000 DEOPT UNPACKING pc=0x00007fdbfffa2373 sp=0x00007fdbee42cfc0 mode 0
Event: 6.912 Executing VM operation: ParallelGCFailedAllocation


Dynamic libraries:
00400000-00401000 r-xp 00000000 08:06 1199876                            /opt/android-studio/jre/bin/java
00600000-00601000 r--p 00000000 08:06 1199876                            /opt/android-studio/jre/bin/java
00601000-00602000 rw-p 00001000 08:06 1199876                            /opt/android-studio/jre/bin/java
00e96000-00eb7000 rw-p 00000000 00:00 0                                  [heap]
c0000000-c2980000 rw-p 00000000 00:00 0 
c2980000-eab00000 ---p 00000000 00:00 0 
eab00000-eee00000 rw-p 00000000 00:00 0 
f3d00000-100000000 ---p 00000000 00:00 0 
100000000-1000a0000 rw-p 00000000 00:00 0 
1000a0000-140000000 ---p 00000000 00:00 0 
7fdbac000000-7fdbac021000 rw-p 00000000 00:00 0 
7fdbac021000-7fdbb0000000 ---p 00000000 00:00 0 
7fdbb4000000-7fdbb4021000 rw-p 00000000 00:00 0 
7fdbb4021000-7fdbb8000000 ---p 00000000 00:00 0 
7fdbb8000000-7fdbb8022000 rw-p 00000000 00:00 0 
7fdbb8022000-7fdbbc000000 ---p 00000000 00:00 0 
7fdbbc000000-7fdbbc05a000 rw-p 00000000 00:00 0 
7fdbbc05a000-7fdbc0000000 ---p 00000000 00:00 0 
7fdbc0000000-7fdbc0021000 rw-p 00000000 00:00 0 
7fdbc0021000-7fdbc4000000 ---p 00000000 00:00 0 
7fdbc4000000-7fdbc4021000 rw-p 00000000 00:00 0 
7fdbc4021000-7fdbc8000000 ---p 00000000 00:00 0 
7fdbc8000000-7fdbc8021000 rw-p 00000000 00:00 0 
7fdbc8021000-7fdbcc000000 ---p 00000000 00:00 0 
7fdbcc000000-7fdbccc02000 rw-p 00000000 00:00 0 
7fdbccc02000-7fdbd0000000 ---p 00000000 00:00 0 
7fdbd0000000-7fdbd061d000 rw-p 00000000 00:00 0 
7fdbd061d000-7fdbd4000000 ---p 00000000 00:00 0 
7fdbd4000000-7fdbd4021000 rw-p 00000000 00:00 0 
7fdbd4021000-7fdbd8000000 ---p 00000000 00:00 0 
7fdbd8000000-7fdbd85cf000 rw-p 00000000 00:00 0 
7fdbd85cf000-7fdbdc000000 ---p 00000000 00:00 0 
7fdbdc000000-7fdbdc021000 rw-p 00000000 00:00 0 
7fdbdc021000-7fdbe0000000 ---p 00000000 00:00 0 
7fdbe0000000-7fdbe0021000 rw-p 00000000 00:00 0 
7fdbe0021000-7fdbe4000000 ---p 00000000 00:00 0 
7fdbe4000000-7fdbe4280000 rw-p 00000000 00:00 0 
7fdbe4280000-7fdbe8000000 ---p 00000000 00:00 0 
7fdbe8000000-7fdbe8021000 rw-p 00000000 00:00 0 
7fdbe8021000-7fdbec000000 ---p 00000000 00:00 0 
7fdbee22d000-7fdbee230000 ---p 00000000 00:00 0 
7fdbee230000-7fdbee32e000 rw-p 00000000 00:00 0 
7fdbee32e000-7fdbee331000 ---p 00000000 00:00 0 
7fdbee331000-7fdbee42f000 rw-p 00000000 00:00 0 
7fdbee42f000-7fdbee432000 ---p 00000000 00:00 0 
7fdbee432000-7fdbee530000 rw-p 00000000 00:00 0 
7fdbee530000-7fdbee533000 ---p 00000000 00:00 0 
7fdbee533000-7fdbee631000 rw-p 00000000 00:00 0 
7fdbee631000-7fdbee634000 ---p 00000000 00:00 0 
7fdbee634000-7fdbee732000 rw-p 00000000 00:00 0 
7fdbee732000-7fdbee733000 ---p 00000000 00:00 0 
7fdbee733000-7fdbee833000 rw-p 00000000 00:00 0 
7fdbee833000-7fdbee836000 ---p 00000000 00:00 0 
7fdbee836000-7fdbee934000 rw-p 00000000 00:00 0 
7fdbee934000-7fdbee937000 ---p 00000000 00:00 0 
7fdbee937000-7fdbeea35000 rw-p 00000000 00:00 0 
7fdbeea35000-7fdbeea38000 ---p 00000000 00:00 0 
7fdbeea38000-7fdbeeb36000 rw-p 00000000 00:00 0 
7fdbeeb36000-7fdbeeb39000 ---p 00000000 00:00 0 
7fdbeeb39000-7fdbeec37000 rw-p 00000000 00:00 0 
7fdbeec37000-7fdbeec3a000 ---p 00000000 00:00 0 
7fdbeec3a000-7fdbeed38000 rw-p 00000000 00:00 0 
7fdbeed38000-7fdbef6f7000 r--p 00000000 08:06 533055                     /usr/lib/locale/locale-archive
7fdbef6f7000-7fdbef6fa000 ---p 00000000 00:00 0 
7fdbef6fa000-7fdbef7f8000 rw-p 00000000 00:00 0 
7fdbef7f8000-7fdbef7fb000 ---p 00000000 00:00 0 
7fdbef7fb000-7fdbef8f9000 rw-p 00000000 00:00 0 
7fdbef8f9000-7fdbef8fa000 ---p 00000000 00:00 0 
7fdbef8fa000-7fdbf0000000 rw-p 00000000 00:00 0 
7fdbf0000000-7fdbf0021000 rw-p 00000000 00:00 0 
7fdbf0021000-7fdbf4000000 ---p 00000000 00:00 0 
7fdbf4000000-7fdbf4021000 rw-p 00000000 00:00 0 
7fdbf4021000-7fdbf8000000 ---p 00000000 00:00 0 
7fdbf8000000-7fdbf8021000 rw-p 00000000 00:00 0 
7fdbf8021000-7fdbfc000000 ---p 00000000 00:00 0 
7fdbfc00c000-7fdbfc9c6000 rw-p 00000000 00:00 0 
7fdbfc9c6000-7fdbfcb96000 r--s 03c46000 08:06 1199955                    /opt/android-studio/jre/jre/lib/rt.jar
7fdbfcb96000-7fdbfd1d6000 rw-p 00000000 00:00 0 
7fdbfd1d6000-7fdbfd396000 ---p 00000000 00:00 0 
7fdbfd396000-7fdbff596000 rw-p 00000000 00:00 0 
7fdbff596000-7fdbff597000 ---p 00000000 00:00 0 
7fdbff597000-7fdbff697000 rw-p 00000000 00:00 0 
7fdbff697000-7fdbff698000 ---p 00000000 00:00 0 
7fdbff698000-7fdbff798000 rw-p 00000000 00:00 0 
7fdbff798000-7fdbff799000 ---p 00000000 00:00 0 
7fdbff799000-7fdbff899000 rw-p 00000000 00:00 0 
7fdbff899000-7fdbff89a000 ---p 00000000 00:00 0 
7fdbff89a000-7fdbff9af000 rw-p 00000000 00:00 0 
7fdbff9af000-7fdbffaef000 ---p 00000000 00:00 0 
7fdbffaef000-7fdbffb11000 rw-p 00000000 00:00 0 
7fdbffb11000-7fdbffb9a000 ---p 00000000 00:00 0 
7fdbffb9a000-7fdbffbb0000 rw-p 00000000 00:00 0 
7fdbffbb0000-7fdbfff5b000 ---p 00000000 00:00 0 
7fdbfff5b000-7fdc0049b000 rwxp 00000000 00:00 0 
7fdc0049b000-7fdc0ef5b000 ---p 00000000 00:00 0 
7fdc0ef5b000-7fdc0ef75000 r-xp 00000000 08:06 1199976                    /opt/android-studio/jre/jre/lib/amd64/libzip.so
7fdc0ef75000-7fdc0f175000 ---p 0001a000 08:06 1199976                    /opt/android-studio/jre/jre/lib/amd64/libzip.so
7fdc0f175000-7fdc0f176000 r--p 0001a000 08:06 1199976                    /opt/android-studio/jre/jre/lib/amd64/libzip.so
7fdc0f176000-7fdc0f177000 rw-p 0001b000 08:06 1199976                    /opt/android-studio/jre/jre/lib/amd64/libzip.so
7fdc0f177000-7fdc0f182000 r-xp 00000000 08:06 922891                     /lib/x86_64-linux-gnu/libnss_files-2.23.so
7fdc0f182000-7fdc0f381000 ---p 0000b000 08:06 922891                     /lib/x86_64-linux-gnu/libnss_files-2.23.so
7fdc0f381000-7fdc0f382000 r--p 0000a000 08:06 922891                     /lib/x86_64-linux-gnu/libnss_files-2.23.so
7fdc0f382000-7fdc0f383000 rw-p 0000b000 08:06 922891                     /lib/x86_64-linux-gnu/libnss_files-2.23.so
7fdc0f383000-7fdc0f389000 rw-p 00000000 00:00 0 
7fdc0f389000-7fdc0f394000 r-xp 00000000 08:06 922901                     /lib/x86_64-linux-gnu/libnss_nis-2.23.so
7fdc0f394000-7fdc0f593000 ---p 0000b000 08:06 922901                     /lib/x86_64-linux-gnu/libnss_nis-2.23.so
7fdc0f593000-7fdc0f594000 r--p 0000a000 08:06 922901                     /lib/x86_64-linux-gnu/libnss_nis-2.23.so
7fdc0f594000-7fdc0f595000 rw-p 0000b000 08:06 922901                     /lib/x86_64-linux-gnu/libnss_nis-2.23.so
7fdc0f595000-7fdc0f5ab000 r-xp 00000000 08:06 922885                     /lib/x86_64-linux-gnu/libnsl-2.23.so
7fdc0f5ab000-7fdc0f7aa000 ---p 00016000 08:06 922885                     /lib/x86_64-linux-gnu/libnsl-2.23.so
7fdc0f7aa000-7fdc0f7ab000 r--p 00015000 08:06 922885                     /lib/x86_64-linux-gnu/libnsl-2.23.so
7fdc0f7ab000-7fdc0f7ac000 rw-p 00016000 08:06 922885                     /lib/x86_64-linux-gnu/libnsl-2.23.so
7fdc0f7ac000-7fdc0f7ae000 rw-p 00000000 00:00 0 
7fdc0f7ae000-7fdc0f7b6000 r-xp 00000000 08:06 922887                     /lib/x86_64-linux-gnu/libnss_compat-2.23.so
7fdc0f7b6000-7fdc0f9b5000 ---p 00008000 08:06 922887                     /lib/x86_64-linux-gnu/libnss_compat-2.23.so
7fdc0f9b5000-7fdc0f9b6000 r--p 00007000 08:06 922887                     /lib/x86_64-linux-gnu/libnss_compat-2.23.so
7fdc0f9b6000-7fdc0f9b7000 rw-p 00008000 08:06 922887                     /lib/x86_64-linux-gnu/libnss_compat-2.23.so
7fdc0f9b7000-7fdc0f9e4000 r-xp 00000000 08:06 1199975                    /opt/android-studio/jre/jre/lib/amd64/libjava.so
7fdc0f9e4000-7fdc0fbe3000 ---p 0002d000 08:06 1199975                    /opt/android-studio/jre/jre/lib/amd64/libjava.so
7fdc0fbe3000-7fdc0fbe4000 r--p 0002c000 08:06 1199975                    /opt/android-studio/jre/jre/lib/amd64/libjava.so
7fdc0fbe4000-7fdc0fbe6000 rw-p 0002d000 08:06 1199975                    /opt/android-studio/jre/jre/lib/amd64/libjava.so
7fdc0fbe6000-7fdc0fbf6000 r-xp 00000000 08:06 1199981                    /opt/android-studio/jre/jre/lib/amd64/libverify.so
7fdc0fbf6000-7fdc0fdf5000 ---p 00010000 08:06 1199981                    /opt/android-studio/jre/jre/lib/amd64/libverify.so
7fdc0fdf5000-7fdc0fdf7000 r--p 0000f000 08:06 1199981                    /opt/android-studio/jre/jre/lib/amd64/libverify.so
7fdc0fdf7000-7fdc0fdf8000 rw-p 00011000 08:06 1199981                    /opt/android-studio/jre/jre/lib/amd64/libverify.so
7fdc0fdf8000-7fdc0fdff000 r-xp 00000000 08:06 922946                     /lib/x86_64-linux-gnu/librt-2.23.so
7fdc0fdff000-7fdc0fffe000 ---p 00007000 08:06 922946                     /lib/x86_64-linux-gnu/librt-2.23.so
7fdc0fffe000-7fdc0ffff000 r--p 00006000 08:06 922946                     /lib/x86_64-linux-gnu/librt-2.23.so
7fdc0ffff000-7fdc10000000 rw-p 00007000 08:06 922946                     /lib/x86_64-linux-gnu/librt-2.23.so
7fdc10000000-7fdc10383000 rw-p 00000000 00:00 0 
7fdc10383000-7fdc14000000 ---p 00000000 00:00 0 
7fdc14018000-7fdc140a3000 rw-p 00000000 00:00 0 
7fdc140a3000-7fdc141e4000 ---p 00000000 00:00 0 
7fdc141e4000-7fdc142ec000 r-xp 00000000 08:06 922862                     /lib/x86_64-linux-gnu/libm-2.23.so
7fdc142ec000-7fdc144eb000 ---p 00108000 08:06 922862                     /lib/x86_64-linux-gnu/libm-2.23.so
7fdc144eb000-7fdc144ec000 r--p 00107000 08:06 922862                     /lib/x86_64-linux-gnu/libm-2.23.so
7fdc144ec000-7fdc144ed000 rw-p 00108000 08:06 922862                     /lib/x86_64-linux-gnu/libm-2.23.so
7fdc144ed000-7fdc150e5000 r-xp 00000000 08:06 1199985                    /opt/android-studio/jre/jre/lib/amd64/server/libjvm.so
7fdc150e5000-7fdc152e5000 ---p 00bf8000 08:06 1199985                    /opt/android-studio/jre/jre/lib/amd64/server/libjvm.so
7fdc152e5000-7fdc15384000 r--p 00bf8000 08:06 1199985                    /opt/android-studio/jre/jre/lib/amd64/server/libjvm.so
7fdc15384000-7fdc153ad000 rw-p 00c97000 08:06 1199985                    /opt/android-studio/jre/jre/lib/amd64/server/libjvm.so
7fdc153ad000-7fdc153f1000 rw-p 00000000 00:00 0 
7fdc153f1000-7fdc15409000 r-xp 00000000 08:06 922938                     /lib/x86_64-linux-gnu/libpthread-2.23.so
7fdc15409000-7fdc15608000 ---p 00018000 08:06 922938                     /lib/x86_64-linux-gnu/libpthread-2.23.so
7fdc15608000-7fdc15609000 r--p 00017000 08:06 922938                     /lib/x86_64-linux-gnu/libpthread-2.23.so
7fdc15609000-7fdc1560a000 rw-p 00018000 08:06 922938                     /lib/x86_64-linux-gnu/libpthread-2.23.so
7fdc1560a000-7fdc1560e000 rw-p 00000000 00:00 0 
7fdc1560e000-7fdc15611000 r-xp 00000000 08:06 922816                     /lib/x86_64-linux-gnu/libdl-2.23.so
7fdc15611000-7fdc15810000 ---p 00003000 08:06 922816                     /lib/x86_64-linux-gnu/libdl-2.23.so
7fdc15810000-7fdc15811000 r--p 00002000 08:06 922816                     /lib/x86_64-linux-gnu/libdl-2.23.so
7fdc15811000-7fdc15812000 rw-p 00003000 08:06 922816                     /lib/x86_64-linux-gnu/libdl-2.23.so
7fdc15812000-7fdc159d2000 r-xp 00000000 08:06 922792                     /lib/x86_64-linux-gnu/libc-2.23.so
7fdc159d2000-7fdc15bd2000 ---p 001c0000 08:06 922792                     /lib/x86_64-linux-gnu/libc-2.23.so
7fdc15bd2000-7fdc15bd6000 r--p 001c0000 08:06 922792                     /lib/x86_64-linux-gnu/libc-2.23.so
7fdc15bd6000-7fdc15bd8000 rw-p 001c4000 08:06 922792                     /lib/x86_64-linux-gnu/libc-2.23.so
7fdc15bd8000-7fdc15bdc000 rw-p 00000000 00:00 0 
7fdc15bdc000-7fdc15bf2000 r-xp 00000000 08:06 1199924                    /opt/android-studio/jre/lib/amd64/jli/libjli.so
7fdc15bf2000-7fdc15df1000 ---p 00016000 08:06 1199924                    /opt/android-studio/jre/lib/amd64/jli/libjli.so
7fdc15df1000-7fdc15df2000 r--p 00015000 08:06 1199924                    /opt/android-studio/jre/lib/amd64/jli/libjli.so
7fdc15df2000-7fdc15df3000 rw-p 00016000 08:06 1199924                    /opt/android-studio/jre/lib/amd64/jli/libjli.so
7fdc15df3000-7fdc15e19000 r-xp 00000000 08:06 922764                     /lib/x86_64-linux-gnu/ld-2.23.so
7fdc15e20000-7fdc15e2e000 r--s 000e0000 08:06 2113904                    /home/isaiah/Android/Sdk/build-tools/25.0.2/lib/dx.jar
7fdc15e2e000-7fdc15ed2000 rw-p 00000000 00:00 0 
7fdc15ed2000-7fdc15ed5000 ---p 00000000 00:00 0 
7fdc15ed5000-7fdc1600c000 rw-p 00000000 00:00 0 
7fdc1600c000-7fdc16014000 rw-s 00000000 08:06 2114467                    /tmp/hsperfdata_isaiah/31751
7fdc16014000-7fdc16015000 rw-p 00000000 00:00 0 
7fdc16015000-7fdc16016000 ---p 00000000 00:00 0 
7fdc16016000-7fdc16018000 rw-p 00000000 00:00 0 
7fdc16018000-7fdc16019000 r--p 00025000 08:06 922764                     /lib/x86_64-linux-gnu/ld-2.23.so
7fdc16019000-7fdc1601a000 rw-p 00026000 08:06 922764                     /lib/x86_64-linux-gnu/ld-2.23.so
7fdc1601a000-7fdc1601b000 rw-p 00000000 00:00 0 
7ffddd713000-7ffddd735000 rw-p 00000000 00:00 0                          [stack]
7ffddd749000-7ffddd74c000 r--p 00000000 00:00 0                          [vvar]
7ffddd74c000-7ffddd74e000 r-xp 00000000 00:00 0                          [vdso]
ffffffffff600000-ffffffffff601000 r-xp 00000000 00:00 0                  [vsyscall]

VM Arguments:
jvm_args: -Djava.awt.headless=true -Xmx1024M -Dfile.encoding=UTF-8 -Duser.country=CA -Duser.language=en -Duser.variant 
java_command: com.android.dx.command.Main --dex --num-threads=4 --output /home/isaiah/Torpedo/TorpedoAUV/Android_Torpedo/android_apps-kinetic/make_a_map/build/intermediates/pre-dexed/kinetic/debug/com.android.support-support-core-ui-25.1.0_e437d4290f045e59330739f5ec81986f3bb72b01.jar /home/isaiah/Torpedo/TorpedoAUV/Android_Torpedo/android_apps-kinetic/make_a_map/build/intermediates/exploded-aar/com.android.support/support-core-ui/25.1.0/jars/classes.jar
java_class_path (initial): /home/isaiah/Android/Sdk/build-tools/25.0.2/lib/dx.jar
Launcher Type: SUN_STANDARD

Environment Variables:
PATH=/opt/ros/kinetic/bin:/home/isaiah/bin:/home/isaiah/.local/bin:/usr/local/sbin:/usr/local/bin:/usr/sbin:/usr/bin:/sbin:/bin:/usr/games:/usr/local/games:/snap/bin
LD_LIBRARY_PATH=.:/opt/ros/kinetic/lib
SHELL=/bin/bash
DISPLAY=:0

Signal Handlers:
SIGSEGV: [libjvm.so+0x9ebc60], sa_mask[0]=11111111011111111101111111111110, sa_flags=SA_RESTART|SA_SIGINFO
SIGBUS: [libjvm.so+0x9ebc60], sa_mask[0]=11111111011111111101111111111110, sa_flags=SA_RESTART|SA_SIGINFO
SIGFPE: [libjvm.so+0x84cf60], sa_mask[0]=11111111011111111101111111111110, sa_flags=SA_RESTART|SA_SIGINFO
SIGPIPE: [libjvm.so+0x84cf60], sa_mask[0]=11111111011111111101111111111110, sa_flags=SA_RESTART|SA_SIGINFO
SIGXFSZ: [libjvm.so+0x84cf60], sa_mask[0]=11111111011111111101111111111110, sa_flags=SA_RESTART|SA_SIGINFO
SIGILL: [libjvm.so+0x84cf60], sa_mask[0]=11111111011111111101111111111110, sa_flags=SA_RESTART|SA_SIGINFO
SIGUSR1: SIG_DFL, sa_mask[0]=00000000000000000000000000000000, sa_flags=none
SIGUSR2: [libjvm.so+0x84ce30], sa_mask[0]=00100000000000000000000000000000, sa_flags=SA_RESTART|SA_SIGINFO
SIGHUP: [libjvm.so+0x84d020], sa_mask[0]=11111111011111111101111111111110, sa_flags=SA_RESTART|SA_SIGINFO
SIGINT: [libjvm.so+0x84d020], sa_mask[0]=11111111011111111101111111111110, sa_flags=SA_RESTART|SA_SIGINFO
SIGTERM: [libjvm.so+0x84d020], sa_mask[0]=11111111011111111101111111111110, sa_flags=SA_RESTART|SA_SIGINFO
SIGQUIT: [libjvm.so+0x84d020], sa_mask[0]=11111111011111111101111111111110, sa_flags=SA_RESTART|SA_SIGINFO


---------------  S Y S T E M  ---------------

OS:DISTRIB_ID=Ubuntu
DISTRIB_RELEASE=16.04
DISTRIB_CODENAME=xenial
DISTRIB_DESCRIPTION="Ubuntu 16.04.3 LTS"

uname:Linux 4.13.0-36-generic #40~16.04.1-Ubuntu SMP Fri Feb 16 23:25:58 UTC 2018 x86_64
libc:glibc 2.23 NPTL 2.23 
rlimit: STACK 8192k, CORE 0k, NPROC 14760, NOFILE 1048576, AS infinity
load average:7.68 3.58 2.30

/proc/meminfo:
MemTotal:        3946460 kB
MemFree:           90520 kB
MemAvailable:          0 kB
Buffers:             432 kB
Cached:           152264 kB
SwapCached:         5072 kB
Active:          3048720 kB
Inactive:         614968 kB
Active(anon):    3040916 kB
Inactive(anon):   607928 kB
Active(file):       7804 kB
Inactive(file):     7040 kB
Unevictable:          16 kB
Mlocked:              16 kB
SwapTotal:       3999740 kB
SwapFree:              0 kB
Dirty:                68 kB
Writeback:            24 kB
AnonPages:       3506524 kB
Mapped:            14588 kB
Shmem:            137052 kB
Slab:              86296 kB
SReclaimable:      43016 kB
SUnreclaim:        43280 kB
KernelStack:       11584 kB
PageTables:        47320 kB
NFS_Unstable:          0 kB
Bounce:                0 kB
WritebackTmp:          0 kB
CommitLimit:     5972968 kB
Committed_AS:   12140212 kB
VmallocTotal:   34359738367 kB
VmallocUsed:           0 kB
VmallocChunk:          0 kB
HardwareCorrupted:     0 kB
AnonHugePages:         0 kB
ShmemHugePages:        0 kB
ShmemPmdMapped:        0 kB
CmaTotal:              0 kB
CmaFree:               0 kB
HugePages_Total:       0
HugePages_Free:        0
HugePages_Rsvd:        0
HugePages_Surp:        0
Hugepagesize:       2048 kB
DirectMap4k:      164500 kB
DirectMap2M:     3936256 kB
DirectMap1G:           0 kB


CPU:total 4 (initial active 4) (2 cores per cpu, 2 threads per core) family 6 model 69 stepping 1, cmov, cx8, fxsr, mmx, sse, sse2, sse3, ssse3, sse4.1, sse4.2, popcnt, avx, avx2, aes, clmul, erms, lzcnt, ht, tsc, tscinvbit, bmi1, bmi2

/proc/cpuinfo:
processor	: 0
vendor_id	: GenuineIntel
cpu family	: 6
model		: 69
model name	: Intel(R) Core(TM) i5-4258U CPU @ 2.40GHz
stepping	: 1
microcode	: 0x1d
cpu MHz		: 2399.967
cache size	: 3072 KB
physical id	: 0
siblings	: 4
core id		: 0
cpu cores	: 2
apicid		: 0
initial apicid	: 0
fpu		: yes
fpu_exception	: yes
cpuid level	: 13
wp		: yes
flags		: fpu vme de pse tsc msr pae mce cx8 apic sep mtrr pge mca cmov pat pse36 clflush dts acpi mmx fxsr sse sse2 ss ht tm pbe syscall nx pdpe1gb rdtscp lm constant_tsc arch_perfmon pebs bts rep_good nopl xtopology nonstop_tsc cpuid aperfmperf pni pclmulqdq dtes64 monitor ds_cpl vmx est tm2 ssse3 sdbg fma cx16 xtpr pdcm pcid sse4_1 sse4_2 x2apic movbe popcnt aes xsave avx f16c rdrand lahf_lm abm cpuid_fault epb invpcid_single pti retpoline tpr_shadow vnmi flexpriority ept vpid fsgsbase tsc_adjust bmi1 avx2 smep bmi2 erms invpcid xsaveopt dtherm ida arat pln pts
bugs		: cpu_meltdown spectre_v1 spectre_v2
bogomips	: 4799.93
clflush size	: 64
cache_alignment	: 64
address sizes	: 39 bits physical, 48 bits virtual
power management:

processor	: 1
vendor_id	: GenuineIntel
cpu family	: 6
model		: 69
model name	: Intel(R) Core(TM) i5-4258U CPU @ 2.40GHz
stepping	: 1
microcode	: 0x1d
cpu MHz		: 2399.967
cache size	: 3072 KB
physical id	: 0
siblings	: 4
core id		: 1
cpu cores	: 2
apicid		: 2
initial apicid	: 2
fpu		: yes
fpu_exception	: yes
cpuid level	: 13
wp		: yes
flags		: fpu vme de pse tsc msr pae mce cx8 apic sep mtrr pge mca cmov pat pse36 clflush dts acpi mmx fxsr sse sse2 ss ht tm pbe syscall nx pdpe1gb rdtscp lm constant_tsc arch_perfmon pebs bts rep_good nopl xtopology nonstop_tsc cpuid aperfmperf pni pclmulqdq dtes64 monitor ds_cpl vmx est tm2 ssse3 sdbg fma cx16 xtpr pdcm pcid sse4_1 sse4_2 x2apic movbe popcnt aes xsave avx f16c rdrand lahf_lm abm cpuid_fault epb invpcid_single pti retpoline tpr_shadow vnmi flexpriority ept vpid fsgsbase tsc_adjust bmi1 avx2 smep bmi2 erms invpcid xsaveopt dtherm ida arat pln pts
bugs		: cpu_meltdown spectre_v1 spectre_v2
bogomips	: 4799.93
clflush size	: 64
cache_alignment	: 64
address sizes	: 39 bits physical, 48 bits virtual
power management:

processor	: 2
vendor_id	: GenuineIntel
cpu family	: 6
model		: 69
model name	: Intel(R) Core(TM) i5-4258U CPU @ 2.40GHz
stepping	: 1
microcode	: 0x1d
cpu MHz		: 2399.967
cache size	: 3072 KB
physical id	: 0
siblings	: 4
core id		: 0
cpu cores	: 2
apicid		: 1
initial apicid	: 1
fpu		: yes
fpu_exception	: yes
cpuid level	: 13
wp		: yes
flags		: fpu vme de pse tsc msr pae mce cx8 apic sep mtrr pge mca cmov pat pse36 clflush dts acpi mmx fxsr sse sse2 ss ht tm pbe syscall nx pdpe1gb rdtscp lm constant_tsc arch_perfmon pebs bts rep_good nopl xtopology nonstop_tsc cpuid aperfmperf pni pclmulqdq dtes64 monitor ds_cpl vmx est tm2 ssse3 sdbg fma cx16 xtpr pdcm pcid sse4_1 sse4_2 x2apic movbe popcnt aes xsave avx f16c rdrand lahf_lm abm cpuid_fault epb invpcid_single pti retpoline tpr_shadow vnmi flexpriority ept vpid fsgsbase tsc_adjust bmi1 avx2 smep bmi2 erms invpcid xsaveopt dtherm ida arat pln pts
bugs		: cpu_meltdown spectre_v1 spectre_v2
bogomips	: 4799.93
clflush size	: 64
cache_alignment	: 64
address sizes	: 39 bits physical, 48 bits virtual
power management:

processor	: 3
vendor_id	: GenuineIntel
cpu family	: 6
model		: 69
model name	: Intel(R) Core(TM) i5-4258U CPU @ 2.40GHz
stepping	: 1
microcode	: 0x1d
cpu MHz		: 2399.967
cache size	: 3072 KB
physical id	: 0
siblings	: 4
core id		: 1
cpu cores	: 2
apicid		: 3
initial apicid	: 3
fpu		: yes
fpu_exception	: yes
cpuid level	: 13
wp		: yes
flags		: fpu vme de pse tsc msr pae mce cx8 apic sep mtrr pge mca cmov pat pse36 clflush dts acpi mmx fxsr sse sse2 ss ht tm pbe syscall nx pdpe1gb rdtscp lm constant_tsc arch_perfmon pebs bts rep_good nopl xtopology nonstop_tsc cpuid aperfmperf pni pclmulqdq dtes64 monitor ds_cpl vmx est tm2 ssse3 sdbg fma cx16 xtpr pdcm pcid sse4_1 sse4_2 x2apic movbe popcnt aes xsave avx f16c rdrand lahf_lm abm cpuid_fault epb invpcid_single pti retpoline tpr_shadow vnmi flexpriority ept vpid fsgsbase tsc_adjust bmi1 avx2 smep bmi2 erms invpcid xsaveopt dtherm ida arat pln pts
bugs		: cpu_meltdown spectre_v1 spectre_v2
bogomips	: 4799.93
clflush size	: 64
cache_alignment	: 64
address sizes	: 39 bits physical, 48 bits virtual
power management:



Memory: 4k page, physical 3946460k(89576k free), swap 3999740k(0k free)

vm_info: OpenJDK 64-Bit Server VM (25.152-b01) for linux-amd64 JRE (1.8.0_152-release-915-b01), built by "builder" with gcc 4.8.4

time: Wed Feb 28 20:20:10 2018
elapsed time: 7 seconds (0d 0h 0m 7s)

